Build started 21/3/2558 0:05:09.
     1>Project "D:\ro-juti\server\vcproj-8\login-server_sql.vcxproj" on node 3 (build target(s)).
     1>InitializeBuildStatus:
         Creating "login-server_sql\Release\login-server_sql.unsuccessfulbuild" because "AlwaysCreate" was specified.
       ClCompile:
         c:\Program Files (x86)\Microsoft Visual Studio 10.0\VC\bin\CL.exe /c /I..\src\common /I..\3rdparty\mysql\win32\include /I..\3rdparty\msinttypes\include /I..\3rdparty\mt19937ar /Zi /nologo /W3 /WX- /O2 /Ob2 /Oi /Ot /Oy /GT /GL /D WIN32 /D _WIN32 /D __WIN32 /D NDEBUG /D _CRT_SECURE_NO_DEPRECATE /D _CRT_NONSTDC_NO_DEPRECATE /D FD_SETSIZE=4096 /D WITH_SQL /D _VC80_UPGRADE=0x0710 /D _MBCS /GF /Gm- /EHsc /MT /GS /fp:precise /Zc:wchar_t /Zc:forScope /Fo"login-server_sql\Release\\" /Fd"login-server_sql\Release\vc100.pdb" /Gd /TC /wd4100 /wd4800 /FIconfig.vc.h /analyze- /errorReport:prompt ..\src\login\account_sql.c ..\src\login\ipban_sql.c ..\src\login\login.c ..\src\login\loginlog_sql.c ..\src\common\core.c ..\src\common\db.c ..\src\common\ers.c ..\src\common\lock.c ..\src\common\malloc.c ..\src\common\md5calc.c ..\src\common\nullpo.c ..\src\common\plugins.c ..\src\common\random.c ..\src\common\showmsg.c ..\src\common\socket.c ..\src\common\sql.c ..\src\common\strlib.c ..\src\common\timer.c ..\src\common\utils.c ..\3rdparty\mt19937ar\mt19937ar.c
         account_sql.c
         ipban_sql.c
         login.c
     1>d:\ro-juti\server\src\login\../common/version.h : warning C4819: The file contains a character that cannot be represented in the current code page (874). Save the file in Unicode format to prevent data loss
         loginlog_sql.c
         core.c
     1>d:\ro-juti\server\src\common\../common/version.h : warning C4819: The file contains a character that cannot be represented in the current code page (874). Save the file in Unicode format to prevent data loss
         db.c
     1>..\src\common\db.c(1934): warning C4819: The file contains a character that cannot be represented in the current code page (874). Save the file in Unicode format to prevent data loss
         ers.c
         lock.c
     1>..\src\common\lock.c : warning C4819: The file contains a character that cannot be represented in the current code page (874). Save the file in Unicode format to prevent data loss
         malloc.c
     1>..\src\common\malloc.c : warning C4819: The file contains a character that cannot be represented in the current code page (874). Save the file in Unicode format to prevent data loss
         md5calc.c
         nullpo.c
     1>..\src\common\nullpo.c : warning C4819: The file contains a character that cannot be represented in the current code page (874). Save the file in Unicode format to prevent data loss
     1>d:\ro-juti\server\src\common\nullpo.h : warning C4819: The file contains a character that cannot be represented in the current code page (874). Save the file in Unicode format to prevent data loss
         plugins.c
     1>d:\ro-juti\server\src\common\../common/version.h : warning C4819: The file contains a character that cannot be represented in the current code page (874). Save the file in Unicode format to prevent data loss
         random.c
         showmsg.c
         socket.c
         sql.c
         strlib.c
         timer.c
         utils.c
         mt19937ar.c
       Link:
         c:\Program Files (x86)\Microsoft Visual Studio 10.0\VC\bin\link.exe /ERRORREPORT:PROMPT /OUT:"..\login-server_sql.exe" /INCREMENTAL:NO /NOLOGO /LIBPATH:..\3rdparty\mysql\win32\lib libcmt.lib oldnames.lib ws2_32.lib libmysql.lib kernel32.lib user32.lib gdi32.lib winspool.lib comdlg32.lib advapi32.lib shell32.lib ole32.lib oleaut32.lib uuid.lib odbc32.lib odbccp32.lib /NODEFAULTLIB /MANIFEST /ManifestFile:"login-server_sql\Release\login-server_sql.exe.intermediate.manifest" /MANIFESTUAC:"level='asInvoker' uiAccess='false'" /DEBUG /PDB:"..\login-server_sql.pdb" /SUBSYSTEM:CONSOLE /OPT:REF /OPT:ICF /LTCG /TLBID:1 /DYNAMICBASE /NXCOMPAT /IMPLIB:"..\login-server_sql.lib" /MACHINE:X86 "login-server_sql\Release\account_sql.obj"
         "login-server_sql\Release\ipban_sql.obj"
         "login-server_sql\Release\login.obj"
         "login-server_sql\Release\loginlog_sql.obj"
         "login-server_sql\Release\core.obj"
         "login-server_sql\Release\db.obj"
         "login-server_sql\Release\ers.obj"
         "login-server_sql\Release\lock.obj"
         "login-server_sql\Release\malloc.obj"
         "login-server_sql\Release\md5calc.obj"
         "login-server_sql\Release\nullpo.obj"
         "login-server_sql\Release\plugins.obj"
         "login-server_sql\Release\random.obj"
         "login-server_sql\Release\showmsg.obj"
         "login-server_sql\Release\socket.obj"
         "login-server_sql\Release\sql.obj"
         "login-server_sql\Release\strlib.obj"
         "login-server_sql\Release\timer.obj"
         "login-server_sql\Release\utils.obj"
         "login-server_sql\Release\mt19937ar.obj"
         Generating code
         Finished generating code
         login-server_sql.vcxproj -> D:\ro-juti\server\vcproj-8\..\login-server_sql.exe
       Manifest:
         c:\Program Files (x86)\Microsoft SDKs\Windows\v7.0A\bin\mt.exe /nologo /verbose /outputresource:"..\login-server_sql.exe;#1" /manifest "login-server_sql\Release\login-server_sql.exe.intermediate.manifest"
       FinalizeBuildStatus:
         Deleting file "login-server_sql\Release\login-server_sql.unsuccessfulbuild".
         Touching "login-server_sql\Release\login-server_sql.lastbuildstate".
     1>Done Building Project "D:\ro-juti\server\vcproj-8\login-server_sql.vcxproj" (build target(s)).

Build succeeded.

Time Elapsed 00:00:06.86
