Build started 21/3/2558 0:05:09.
     1>Project "D:\ro-juti\server\vcproj-8\char-server_sql.vcxproj" on node 2 (build target(s)).
     1>InitializeBuildStatus:
         Creating "char-server_sql\Release\char-server_sql.unsuccessfulbuild" because "AlwaysCreate" was specified.
       ClCompile:
         c:\Program Files (x86)\Microsoft Visual Studio 10.0\VC\bin\CL.exe /c /I..\src\common /I..\3rdparty\mysql\win32\include /I..\3rdparty\msinttypes\include /I..\3rdparty\mt19937ar /Zi /nologo /W3 /WX- /O2 /Ob2 /Oi /Ot /Oy /GT /GL /D WIN32 /D _WIN32 /D __WIN32 /D NDEBUG /D _CRT_SECURE_NO_DEPRECATE /D _CRT_NONSTDC_NO_DEPRECATE /D FD_SETSIZE=4096 /D DB_MANUAL_CAST_TO_UNION /D _VC80_UPGRADE=0x0710 /D _MBCS /GF /Gm- /EHsc /MT /GS /fp:precise /Zc:wchar_t /Zc:forScope /Fo"char-server_sql\Release\\" /Fd"char-server_sql\Release\vc100.pdb" /Gd /TC /wd4800 /FIconfig.vc.h /analyze- /errorReport:prompt ..\3rdparty\mt19937ar\mt19937ar.c ..\src\common\core.c ..\src\common\db.c ..\src\common\ers.c ..\src\common\lock.c ..\src\common\malloc.c ..\src\common\mapindex.c ..\src\common\nullpo.c ..\src\common\plugins.c ..\src\common\random.c ..\src\common\showmsg.c ..\src\common\socket.c ..\src\common\sql.c ..\src\common\strlib.c ..\src\common\timer.c ..\src\common\utils.c ..\src\char_sql\char.c ..\src\char_sql\int_auction.c ..\src\char_sql\int_guild.c ..\src\char_sql\int_homun.c ..\src\char_sql\int_mail.c ..\src\char_sql\int_mercenary.c ..\src\char_sql\int_party.c ..\src\char_sql\int_pet.c ..\src\char_sql\int_quest.c ..\src\char_sql\int_storage.c ..\src\char_sql\inter.c
         mt19937ar.c
         core.c
     1>d:\ro-juti\server\src\common\../common/version.h : warning C4819: The file contains a character that cannot be represented in the current code page (874). Save the file in Unicode format to prevent data loss
         db.c
     1>..\src\common\db.c(1934): warning C4819: The file contains a character that cannot be represented in the current code page (874). Save the file in Unicode format to prevent data loss
         ers.c
         lock.c
     1>..\src\common\lock.c : warning C4819: The file contains a character that cannot be represented in the current code page (874). Save the file in Unicode format to prevent data loss
         malloc.c
     1>..\src\common\malloc.c : warning C4819: The file contains a character that cannot be represented in the current code page (874). Save the file in Unicode format to prevent data loss
         mapindex.c
         nullpo.c
     1>..\src\common\nullpo.c : warning C4819: The file contains a character that cannot be represented in the current code page (874). Save the file in Unicode format to prevent data loss
     1>d:\ro-juti\server\src\common\nullpo.h : warning C4819: The file contains a character that cannot be represented in the current code page (874). Save the file in Unicode format to prevent data loss
         plugins.c
     1>d:\ro-juti\server\src\common\../common/version.h : warning C4819: The file contains a character that cannot be represented in the current code page (874). Save the file in Unicode format to prevent data loss
         random.c
         showmsg.c
         socket.c
         sql.c
         strlib.c
         timer.c
         utils.c
         char.c
     1>d:\ro-juti\server\src\char_sql\../common/version.h : warning C4819: The file contains a character that cannot be represented in the current code page (874). Save the file in Unicode format to prevent data loss
     1>..\src\char_sql\char.c(2298): warning C4819: The file contains a character that cannot be represented in the current code page (874). Save the file in Unicode format to prevent data loss
         int_auction.c
         int_guild.c
     1>..\src\char_sql\int_guild.c(1832): warning C4819: The file contains a character that cannot be represented in the current code page (874). Save the file in Unicode format to prevent data loss
         int_homun.c
         Compiling...
         int_mail.c
         int_mercenary.c
         int_party.c
     1>..\src\char_sql\int_party.c : warning C4819: The file contains a character that cannot be represented in the current code page (874). Save the file in Unicode format to prevent data loss
         int_pet.c
         int_quest.c
         int_storage.c
         inter.c
       Link:
         c:\Program Files (x86)\Microsoft Visual Studio 10.0\VC\bin\link.exe /ERRORREPORT:PROMPT /OUT:"..\char-server_sql.exe" /INCREMENTAL:NO /NOLOGO /LIBPATH:..\3rdparty\mysql\win32\lib libcmt.lib oldnames.lib ws2_32.lib libmysql.lib kernel32.lib user32.lib gdi32.lib winspool.lib comdlg32.lib advapi32.lib shell32.lib ole32.lib oleaut32.lib uuid.lib odbc32.lib odbccp32.lib /NODEFAULTLIB /MANIFEST /ManifestFile:"char-server_sql\Release\char-server_sql.exe.intermediate.manifest" /MANIFESTUAC:"level='asInvoker' uiAccess='false'" /DEBUG /PDB:"..\char-server_sql.pdb" /SUBSYSTEM:CONSOLE /OPT:REF /OPT:ICF /LTCG /TLBID:1 /DYNAMICBASE /NXCOMPAT /IMPLIB:"..\char-server_sql.lib" /MACHINE:X86 "char-server_sql\Release\mt19937ar.obj"
         "char-server_sql\Release\core.obj"
         "char-server_sql\Release\db.obj"
         "char-server_sql\Release\ers.obj"
         "char-server_sql\Release\lock.obj"
         "char-server_sql\Release\malloc.obj"
         "char-server_sql\Release\mapindex.obj"
         "char-server_sql\Release\nullpo.obj"
         "char-server_sql\Release\plugins.obj"
         "char-server_sql\Release\random.obj"
         "char-server_sql\Release\showmsg.obj"
         "char-server_sql\Release\socket.obj"
         "char-server_sql\Release\sql.obj"
         "char-server_sql\Release\strlib.obj"
         "char-server_sql\Release\timer.obj"
         "char-server_sql\Release\utils.obj"
         "char-server_sql\Release\char.obj"
         "char-server_sql\Release\int_auction.obj"
         "char-server_sql\Release\int_guild.obj"
         "char-server_sql\Release\int_homun.obj"
         "char-server_sql\Release\int_mail.obj"
         "char-server_sql\Release\int_mercenary.obj"
         "char-server_sql\Release\int_party.obj"
         "char-server_sql\Release\int_pet.obj"
         "char-server_sql\Release\int_quest.obj"
         "char-server_sql\Release\int_storage.obj"
         "char-server_sql\Release\inter.obj"
         Generating code
         Finished generating code
         char-server_sql.vcxproj -> D:\ro-juti\server\vcproj-8\..\char-server_sql.exe
       Manifest:
         c:\Program Files (x86)\Microsoft SDKs\Windows\v7.0A\bin\mt.exe /nologo /verbose /outputresource:"..\char-server_sql.exe;#1" /manifest "char-server_sql\Release\char-server_sql.exe.intermediate.manifest"
       FinalizeBuildStatus:
         Deleting file "char-server_sql\Release\char-server_sql.unsuccessfulbuild".
         Touching "char-server_sql\Release\char-server_sql.lastbuildstate".
     1>Done Building Project "D:\ro-juti\server\vcproj-8\char-server_sql.vcxproj" (build target(s)).

Build succeeded.

Time Elapsed 00:00:08.35
